\BOOKMARK [0][-]{chapter*.4}{\376\377\000L\036\334\000I\000\040\000C\036\242\000M\000\040\001\240\000N}{}% 1
\BOOKMARK [0][-]{chapter*.5}{\376\377\000N\000H\036\254\000N\000\040\000X\000\311\000T\000\040\000C\036\346\000A\000\040\000G\000I\036\242\000N\000G\000\040\000V\000I\000\312\000N\000\040\000H\001\257\036\332\000N\000G\000\040\000D\036\252\000N}{}% 2
\BOOKMARK [0][-]{chapter*.6}{\376\377\000T\000\323\000M\000\040\000T\036\256\000T}{}% 3
\BOOKMARK [0][-]{chapter.1}{\376\377\000C\000h\001\260\001\241\000n\000g\000\040\000\040\000G\000I\036\332\000I\000\040\000T\000H\000I\036\306\000U\000\040\000C\000H\000U\000N\000G}{}% 4
\BOOKMARK [1][-]{section.1.1}{\376\377\000M\036\345\000c\000\040\000t\000i\000\352\000u\000\040\001\021\036\301\000\040\000t\000\340\000i}{chapter.1}% 5
\BOOKMARK [1][-]{section.1.2}{\376\377\000B\000\340\000i\000\040\000t\000o\000\341\000n\000\040\000h\036\315\000c\000\040\000m\000\341\000y}{chapter.1}% 6
\BOOKMARK [1][-]{section.1.3}{\376\377\000Q\000u\000y\000\040\000t\000r\000\354\000n\000h\000\040\000t\000h\036\361\000c\000\040\000h\000i\036\307\000n\000\040\000b\000\340\000i\000\040\000t\000o\000\341\000n}{chapter.1}% 7
\BOOKMARK [1][-]{section.1.4}{\376\377\036\350\000n\000g\000\040\000d\036\345\000n\000g\000\040\000t\000h\036\361\000c\000\040\000t\000i\036\305\000n}{chapter.1}% 8
\BOOKMARK [0][-]{chapter.2}{\376\377\000C\000h\001\260\001\241\000n\000g\000\040\000\040\000T\036\324\000N\000G\000\040\000Q\000U\000A\000N\000\040\000V\036\300\000\040\000B\036\330\000\040\000D\036\356\000\040\000L\000I\036\306\000U}{}% 9
\BOOKMARK [1][-]{section.2.1}{\376\377\000G\000i\036\333\000i\000\040\000t\000h\000i\036\307\000u\000\040\000c\000h\000u\000n\000g\000\040\000v\036\301\000\040\000b\036\331\000\040\000d\036\357\000\040\000l\000i\036\307\000u}{chapter.2}% 10
\BOOKMARK [1][-]{section.2.2}{\376\377\000P\000h\000\342\000n\000\040\000t\000\355\000c\000h\000\040\000v\000\340\000\040\000t\000r\036\361\000c\000\040\000q\000u\000a\000n\000\040\000b\036\331\000\040\000d\036\357\000\040\000l\000i\036\307\000u}{chapter.2}% 11
\BOOKMARK [0][-]{chapter.3}{\376\377\000C\000h\001\260\001\241\000n\000g\000\040\000\040\000T\000I\036\300\000N\000\040\000X\036\354\000\040\000L\000\335\000\040\000V\000\300\000\040\000V\000E\000C\000T\000O\000R\000\040\000H\000\323\000A\000\040\000D\036\356\000\040\000L\000I\036\306\000U}{}% 12
\BOOKMARK [1][-]{section.3.1}{\376\377\000T\000i\036\301\000n\000\040\000x\036\355\000\040\000l\000\375\000\040\000d\036\357\000\040\000l\000i\036\307\000u}{chapter.3}% 13
\BOOKMARK [2][-]{subsection.3.1.1}{\376\377\000L\000o\036\241\000i\000\040\000b\036\317\000\040\000k\000\375\000\040\000t\036\361\000\040\000s\036\321}{section.3.1}% 14
\BOOKMARK [2][-]{subsection.3.1.2}{\376\377\000L\000o\036\241\000i\000\040\000b\036\317\000\040\000d\036\245\000u\000\040\000c\000\342\000u\000\040\000v\000\340\000\040\000c\000\341\000c\000\040\000k\000\375\000\040\000t\036\361\000\040\001\021\036\267\000c\000\040\000b\000i\036\307\000t}{section.3.1}% 15
\BOOKMARK [2][-]{subsection.3.1.3}{\376\377\000L\000o\036\241\000i\000\040\000b\036\317\000\040\000s\000t\000o\000p\000\040\000w\000o\000r\000d\000s}{section.3.1}% 16
\BOOKMARK [2][-]{subsection.3.1.4}{\376\377\000C\000h\000u\000y\036\303\000n\000\040\000t\036\353\000\040\000v\036\301\000\040\000d\036\241\000n\000g\000\040\000n\000g\000u\000y\000\352\000n\000\040\000m\036\253\000u}{section.3.1}% 17
\BOOKMARK [1][-]{section.3.2}{\376\377\000T\000r\000\355\000c\000h\000\040\000x\000u\036\245\000t\000\040\001\021\036\267\000c\000\040\000t\000r\001\260\000n\000g}{chapter.3}% 18
\BOOKMARK [2][-]{subsection.3.2.1}{\376\377\000C\000o\000u\000n\000t\000V\000e\000c\000t\000o\000r\000i\000z\000e\000r}{section.3.2}% 19
\BOOKMARK [2][-]{subsection.3.2.2}{\376\377\000T\000F\000-\000I\000D\000F}{section.3.2}% 20
\BOOKMARK [2][-]{subsection.3.2.3}{\376\377\000W\000o\000r\000d\0002\000V\000e\000c}{section.3.2}% 21
\BOOKMARK [0][-]{chapter.4}{\376\377\000C\000h\001\260\001\241\000n\000g\000\040\000\040\000H\000U\036\244\000N\000\040\000L\000U\000Y\036\306\000N\000\040\000V\000\300\000\040\000T\000I\000N\000H\000\040\000C\000H\036\310\000N\000H\000\040\000C\000\301\000C\000\040\000M\000\324\000\040\000H\000\314\000N\000H\000\040\000H\036\314\000C\000\040\000M\000\301\000Y}{}% 22
\BOOKMARK [1][-]{section.4.1}{\376\377\000C\001\241\000\040\000s\036\337\000\040\000l\000\375\000\040\000t\000h\000u\000y\036\277\000t}{chapter.4}% 23
\BOOKMARK [2][-]{subsection.4.1.1}{\376\377\000L\000o\000g\000i\000s\000t\000i\000c\000\040\000R\000e\000g\000r\000e\000s\000s\000i\000o\000n}{section.4.1}% 24
\BOOKMARK [2][-]{subsection.4.1.2}{\376\377\000M\000u\000l\000t\000i\000n\000o\000m\000i\000a\000l\000\040\000N\000a\000i\000v\000e\000\040\000B\000a\000y\000e\000s}{section.4.1}% 25
\BOOKMARK [2][-]{subsection.4.1.3}{\376\377\000S\000u\000p\000p\000o\000r\000t\000\040\000V\000e\000c\000t\000o\000r\000\040\000M\000a\000c\000h\000i\000n\000e}{section.4.1}% 26
\BOOKMARK [2][-]{subsection.4.1.4}{\376\377\000T\000h\000u\036\255\000t\000\040\000t\000o\000\341\000n\000\040\000P\000a\000s\000s\000i\000v\000e\000\040\000A\000g\000r\000e\000s\000s\000i\000v\000e}{section.4.1}% 27
\BOOKMARK [2][-]{subsection.4.1.5}{\376\377\000D\000e\000c\000i\000s\000s\000i\000o\000n\000\040\000T\000r\000e\000e}{section.4.1}% 28
\BOOKMARK [2][-]{subsection.4.1.6}{\376\377\000R\000a\000n\000d\000o\000m\000\040\000F\000o\000r\000e\000s\000t}{section.4.1}% 29
\BOOKMARK [1][-]{section.4.2}{\376\377\000H\000u\036\245\000n\000\040\000l\000u\000y\036\307\000n\000\040\000v\000\340\000\040\000t\000i\000n\000h\000\040\000c\000h\036\311\000n\000h\000\040\000m\000\364\000\040\000h\000\354\000n\000h}{chapter.4}% 30
\BOOKMARK [0][-]{chapter.5}{\376\377\000C\000h\001\260\001\241\000n\000g\000\040\000\040\001\020\000\301\000N\000H\000\040\000G\000I\000\301\000\040\000H\000I\036\306\000U\000\040\000S\000U\036\244\000T\000\040\000M\000\324\000\040\000H\000\314\000N\000H}{}% 31
\BOOKMARK [1][-]{section.5.1}{\376\377\000C\000\341\000c\000\040\001\021\036\331\000\040\001\021\000o\000\040\001\021\000\341\000n\000h\000\040\000g\000i\000\341\000\040\000m\000\364\000\040\000h\000\354\000n\000h}{chapter.5}% 32
\BOOKMARK [2][-]{subsection.5.1.1}{\376\377\000C\000o\000n\000f\000u\000s\000i\000o\000n\000\040\000M\000a\000t\000r\000i\000x}{section.5.1}% 33
\BOOKMARK [2][-]{subsection.5.1.2}{\376\377\000A\000c\000c\000u\000r\000a\000c\000y}{section.5.1}% 34
\BOOKMARK [2][-]{subsection.5.1.3}{\376\377\000P\000r\000e\000c\000i\000s\000i\000o\000n\000\040\000-\000\040\000R\000e\000c\000a\000l\000l\000\040\000-\000\040\000F\0001}{section.5.1}% 35
\BOOKMARK [2][-]{subsection.5.1.4}{\376\377\001\020\001\260\036\335\000n\000g\000\040\000c\000o\000n\000g\000\040\000R\000O\000C\000\040\000v\000\340\000\040\000c\000h\036\311\000\040\000s\036\321\000\040\000A\000U\000C}{section.5.1}% 36
\BOOKMARK [1][-]{section.5.2}{\376\377\000K\036\277\000t\000\040\000q\000u\036\243\000\040\001\021\000\341\000n\000h\000\040\000g\000i\000\341\000\040\000h\000i\036\307\000u\000\040\000s\000u\036\245\000t\000\040\000m\000\364\000\040\000h\000\354\000n\000h}{chapter.5}% 37
\BOOKMARK [2][-]{subsection.5.2.1}{\376\377\000K\036\277\000t\000\040\000q\000u\036\243\000\040\001\021\000\341\000n\000h\000\040\000g\000i\000\341\000\040\000L\000o\000g\000i\000s\000i\000c\000R\000e\000g\000r\000e\000s\000s\000i\000o\000n}{section.5.2}% 38
\BOOKMARK [2][-]{subsection.5.2.2}{\376\377\000K\036\277\000t\000\040\000q\000u\036\243\000\040\001\021\000\341\000n\000h\000\040\000g\000i\000\341\000\040\000M\000u\000l\000t\000i\000n\000o\000m\000i\000a\000l\000N\000B}{section.5.2}% 39
\BOOKMARK [2][-]{subsection.5.2.3}{\376\377\000K\036\277\000t\000\040\000q\000u\036\243\000\040\000d\000\341\000n\000h\000\040\000g\000i\000\341\000\040\000S\000V\000C}{section.5.2}% 40
\BOOKMARK [2][-]{subsection.5.2.4}{\376\377\000K\036\277\000t\000\040\000q\000u\036\243\000\040\001\021\000\341\000n\000h\000\040\000g\000i\000\341\000\040\000P\000a\000s\000s\000i\000v\000e\000A\000g\000r\000e\000s\000s\000i\000v\000e\000C\000l\000a\000s\000s\000i\000f\000i\000e\000r}{section.5.2}% 41
\BOOKMARK [2][-]{subsection.5.2.5}{\376\377\000K\036\277\000t\000\040\000q\000u\036\243\000\040\001\021\000\341\000n\000h\000\040\000g\000i\000\341\000\040\000D\000e\000c\000i\000s\000i\000o\000n\000T\000r\000e\000e\000C\000l\000a\000s\000s\000i\000f\000i\000e\000r}{section.5.2}% 42
\BOOKMARK [2][-]{subsection.5.2.6}{\376\377\000K\036\277\000t\000\040\000q\000u\036\243\000\040\001\021\000\341\000n\000h\000\040\000g\000i\000\341\000\040\000R\000a\000n\000d\000o\000m\000F\000o\000r\000e\000s\000t\000C\000l\000a\000s\000s\000i\000f\000i\000e\000r}{section.5.2}% 43
\BOOKMARK [0][-]{chapter.6}{\376\377\000C\000h\001\260\001\241\000n\000g\000\040\000\040\000P\000H\000\302\000N\000\040\000T\000\315\000C\000H\000\040\000L\036\326\000I\000\040\000V\000\300\000\040\000H\001\257\036\332\000N\000G\000\040\000P\000H\000\301\000T\000\040\000T\000R\000I\036\302\000N}{}% 44
\BOOKMARK [1][-]{section.6.1}{\376\377\000P\000h\000\342\000n\000\040\000t\000\355\000c\000h\000\040\000l\036\327\000i\000\040\000m\000\364\000\040\000h\000\354\000n\000h\000\040\000t\036\321\000t\000\040\000n\000h\036\245\000t}{chapter.6}% 45
\BOOKMARK [2][-]{subsection.6.1.1}{\376\377\000L\036\327\000i\000\040\000F\000a\000l\000s\000e\000\040\000P\000o\000s\000i\000t\000i\000v\000e}{section.6.1}% 46
\BOOKMARK [2][-]{subsection.6.1.2}{\376\377\000L\036\327\000i\000\040\000F\000a\000l\000s\000e\000\040\000N\000e\000g\000a\000t\000i\000v\000e}{section.6.1}% 47
\BOOKMARK [1][-]{section.6.2}{\376\377\000H\001\260\036\333\000n\000g\000\040\000p\000h\000\341\000t\000\040\000t\000r\000i\036\303\000n}{chapter.6}% 48
\BOOKMARK [0][-]{chapter*.42}{\376\377\000K\036\276\000T\000\040\000L\000U\036\254\000N}{}% 49
\BOOKMARK [0][-]{chapter*.42}{\376\377\000D\000A\000N\000H\000\040\000M\036\344\000C\000\040\000T\000\300\000I\000\040\000L\000I\036\306\000U\000\040\000T\000H\000A\000M\000\040\000K\000H\036\242\000O}{}% 50
