This is pdfTeX, Version 3.1415926-1.40.10 (MiKTeX 2.8) (preloaded format=pdflatex 2021.5.30)  17 JUN 2021 15:03
entering extended mode
**BaoCaoHMTK.tex

("E:\#2. Compressed\BaoCaoLatexTmp\tmp_git\New folder\DoAnHMTK_DS102.L21\BaoCao
Latex\BaoCaoHMTK.tex"
LaTeX2e <2009/09/24>
Babel <v3.8l> and hyphenation patterns for english, dumylang, nohyphenation, ge
rman, ngerman, german-x-2009-06-19, ngerman-x-2009-06-19, french, loaded.
(E:\Program_Data\Miktex_2.8\tex\latex\base\book.cls
Document Class: book 2007/10/19 v1.4h Standard LaTeX document class
(E:\Program_Data\Miktex_2.8\tex\latex\base\bk12.clo
File: bk12.clo 2007/10/19 v1.4h Standard LaTeX file (size option)
)
\c@part=\count79
\c@chapter=\count80
\c@section=\count81
\c@subsection=\count82
\c@subsubsection=\count83
\c@paragraph=\count84
\c@subparagraph=\count85
\c@figure=\count86
\c@table=\count87
\abovecaptionskip=\skip41
\belowcaptionskip=\skip42
\bibindent=\dimen102
)
(E:\Program_Data\Miktex_2.8\tex\latex\vntex\vietnam.sty
Package: vietnam 2009/07/12 v1.3 support for Vietnamese

(E:\Program_Data\Miktex_2.8\tex\latex\base\ifthen.sty
Package: ifthen 2001/05/26 v1.1c Standard LaTeX ifthen package (DPC)
)
(E:\Program_Data\Miktex_2.8\tex\latex\base\fontenc.sty
Package: fontenc 2005/09/27 v1.99g Standard LaTeX package

(E:\Program_Data\Miktex_2.8\tex\latex\vntex\t5enc.def
File: t5enc.def 2006/11/21 v1.4 Vietnamese T5 encoding
)
LaTeX Font Info:    Try loading font information for T5+cmr on input line 100.

(E:\Program_Data\Miktex_2.8\tex\latex\vntex\t5cmr.fd
File: t5cmr.fd 1999/05/25 v2.5h Standard LaTeX font definitions
))
(E:\Program_Data\Miktex_2.8\tex\latex\base\inputenc.sty
Package: inputenc 2008/03/30 v1.1d Input encoding file
\inpenc@prehook=\toks14
\inpenc@posthook=\toks15

(E:\Program_Data\Miktex_2.8\tex\latex\base\utf8.def
File: utf8.def 2008/04/05 v1.1m UTF-8 support for inputenc
Now handling font encoding OML ...
... no UTF-8 mapping file for font encoding OML
Now handling font encoding T1 ...
... processing UTF-8 mapping file for font encoding T1

(E:\Program_Data\Miktex_2.8\tex\latex\base\t1enc.dfu
File: t1enc.dfu 2008/04/05 v1.1m UTF-8 support for inputenc
   defining Unicode char U+00A1 (decimal 161)
   defining Unicode char U+00A3 (decimal 163)
   defining Unicode char U+00AB (decimal 171)
   defining Unicode char U+00BB (decimal 187)
   defining Unicode char U+00BF (decimal 191)
   defining Unicode char U+00C0 (decimal 192)
   defining Unicode char U+00C1 (decimal 193)
   defining Unicode char U+00C2 (decimal 194)
   defining Unicode char U+00C3 (decimal 195)
   defining Unicode char U+00C4 (decimal 196)
   defining Unicode char U+00C5 (decimal 197)
   defining Unicode char U+00C6 (decimal 198)
   defining Unicode char U+00C7 (decimal 199)
   defining Unicode char U+00C8 (decimal 200)
   defining Unicode char U+00C9 (decimal 201)
   defining Unicode char U+00CA (decimal 202)
   defining Unicode char U+00CB (decimal 203)
   defining Unicode char U+00CC (decimal 204)
   defining Unicode char U+00CD (decimal 205)
   defining Unicode char U+00CE (decimal 206)
   defining Unicode char U+00CF (decimal 207)
   defining Unicode char U+00D0 (decimal 208)
   defining Unicode char U+00D1 (decimal 209)
   defining Unicode char U+00D2 (decimal 210)
   defining Unicode char U+00D3 (decimal 211)
   defining Unicode char U+00D4 (decimal 212)
   defining Unicode char U+00D5 (decimal 213)
   defining Unicode char U+00D6 (decimal 214)
   defining Unicode char U+00D8 (decimal 216)
   defining Unicode char U+00D9 (decimal 217)
   defining Unicode char U+00DA (decimal 218)
   defining Unicode char U+00DB (decimal 219)
   defining Unicode char U+00DC (decimal 220)
   defining Unicode char U+00DD (decimal 221)
   defining Unicode char U+00DE (decimal 222)
   defining Unicode char U+00DF (decimal 223)
   defining Unicode char U+00E0 (decimal 224)
   defining Unicode char U+00E1 (decimal 225)
   defining Unicode char U+00E2 (decimal 226)
   defining Unicode char U+00E3 (decimal 227)
   defining Unicode char U+00E4 (decimal 228)
   defining Unicode char U+00E5 (decimal 229)
   defining Unicode char U+00E6 (decimal 230)
   defining Unicode char U+00E7 (decimal 231)
   defining Unicode char U+00E8 (decimal 232)
   defining Unicode char U+00E9 (decimal 233)
   defining Unicode char U+00EA (decimal 234)
   defining Unicode char U+00EB (decimal 235)
   defining Unicode char U+00EC (decimal 236)
   defining Unicode char U+00ED (decimal 237)
   defining Unicode char U+00EE (decimal 238)
   defining Unicode char U+00EF (decimal 239)
   defining Unicode char U+00F0 (decimal 240)
   defining Unicode char U+00F1 (decimal 241)
   defining Unicode char U+00F2 (decimal 242)
   defining Unicode char U+00F3 (decimal 243)
   defining Unicode char U+00F4 (decimal 244)
   defining Unicode char U+00F5 (decimal 245)
   defining Unicode char U+00F6 (decimal 246)
   defining Unicode char U+00F8 (decimal 248)
   defining Unicode char U+00F9 (decimal 249)
   defining Unicode char U+00FA (decimal 250)
   defining Unicode char U+00FB (decimal 251)
   defining Unicode char U+00FC (decimal 252)
   defining Unicode char U+00FD (decimal 253)
   defining Unicode char U+00FE (decimal 254)
   defining Unicode char U+00FF (decimal 255)
   defining Unicode char U+0102 (decimal 258)
   defining Unicode char U+0103 (decimal 259)
   defining Unicode char U+0104 (decimal 260)
   defining Unicode char U+0105 (decimal 261)
   defining Unicode char U+0106 (decimal 262)
   defining Unicode char U+0107 (decimal 263)
   defining Unicode char U+010C (decimal 268)
   defining Unicode char U+010D (decimal 269)
   defining Unicode char U+010E (decimal 270)
   defining Unicode char U+010F (decimal 271)
   defining Unicode char U+0110 (decimal 272)
   defining Unicode char U+0111 (decimal 273)
   defining Unicode char U+0118 (decimal 280)
   defining Unicode char U+0119 (decimal 281)
   defining Unicode char U+011A (decimal 282)
   defining Unicode char U+011B (decimal 283)
   defining Unicode char U+011E (decimal 286)
   defining Unicode char U+011F (decimal 287)
   defining Unicode char U+0130 (decimal 304)
   defining Unicode char U+0131 (decimal 305)
   defining Unicode char U+0132 (decimal 306)
   defining Unicode char U+0133 (decimal 307)
   defining Unicode char U+0139 (decimal 313)
   defining Unicode char U+013A (decimal 314)
   defining Unicode char U+013D (decimal 317)
   defining Unicode char U+013E (decimal 318)
   defining Unicode char U+0141 (decimal 321)
   defining Unicode char U+0142 (decimal 322)
   defining Unicode char U+0143 (decimal 323)
   defining Unicode char U+0144 (decimal 324)
   defining Unicode char U+0147 (decimal 327)
   defining Unicode char U+0148 (decimal 328)
   defining Unicode char U+014A (decimal 330)
   defining Unicode char U+014B (decimal 331)
   defining Unicode char U+0150 (decimal 336)
   defining Unicode char U+0151 (decimal 337)
   defining Unicode char U+0152 (decimal 338)
   defining Unicode char U+0153 (decimal 339)
   defining Unicode char U+0154 (decimal 340)
   defining Unicode char U+0155 (decimal 341)
   defining Unicode char U+0158 (decimal 344)
   defining Unicode char U+0159 (decimal 345)
   defining Unicode char U+015A (decimal 346)
   defining Unicode char U+015B (decimal 347)
   defining Unicode char U+015E (decimal 350)
   defining Unicode char U+015F (decimal 351)
   defining Unicode char U+0160 (decimal 352)
   defining Unicode char U+0161 (decimal 353)
   defining Unicode char U+0162 (decimal 354)
   defining Unicode char U+0163 (decimal 355)
   defining Unicode char U+0164 (decimal 356)
   defining Unicode char U+0165 (decimal 357)
   defining Unicode char U+016E (decimal 366)
   defining Unicode char U+016F (decimal 367)
   defining Unicode char U+0170 (decimal 368)
   defining Unicode char U+0171 (decimal 369)
   defining Unicode char U+0178 (decimal 376)
   defining Unicode char U+0179 (decimal 377)
   defining Unicode char U+017A (decimal 378)
   defining Unicode char U+017B (decimal 379)
   defining Unicode char U+017C (decimal 380)
   defining Unicode char U+017D (decimal 381)
   defining Unicode char U+017E (decimal 382)
   defining Unicode char U+200C (decimal 8204)
   defining Unicode char U+2013 (decimal 8211)
   defining Unicode char U+2014 (decimal 8212)
   defining Unicode char U+2018 (decimal 8216)
   defining Unicode char U+2019 (decimal 8217)
   defining Unicode char U+201A (decimal 8218)
   defining Unicode char U+201C (decimal 8220)
   defining Unicode char U+201D (decimal 8221)
   defining Unicode char U+201E (decimal 8222)
   defining Unicode char U+2030 (decimal 8240)
   defining Unicode char U+2031 (decimal 8241)
   defining Unicode char U+2039 (decimal 8249)
   defining Unicode char U+203A (decimal 8250)
   defining Unicode char U+2423 (decimal 9251)
)
Now handling font encoding OT1 ...
... processing UTF-8 mapping file for font encoding OT1

(E:\Program_Data\Miktex_2.8\tex\latex\base\ot1enc.dfu
File: ot1enc.dfu 2008/04/05 v1.1m UTF-8 support for inputenc
   defining Unicode char U+00A1 (decimal 161)
   defining Unicode char U+00A3 (decimal 163)
   defining Unicode char U+00B8 (decimal 184)
   defining Unicode char U+00BF (decimal 191)
   defining Unicode char U+00C5 (decimal 197)
   defining Unicode char U+00C6 (decimal 198)
   defining Unicode char U+00D8 (decimal 216)
   defining Unicode char U+00DF (decimal 223)
   defining Unicode char U+00E6 (decimal 230)
   defining Unicode char U+00EC (decimal 236)
   defining Unicode char U+00ED (decimal 237)
   defining Unicode char U+00EE (decimal 238)
   defining Unicode char U+00EF (decimal 239)
   defining Unicode char U+00F8 (decimal 248)
   defining Unicode char U+0131 (decimal 305)
   defining Unicode char U+0141 (decimal 321)
   defining Unicode char U+0142 (decimal 322)
   defining Unicode char U+0152 (decimal 338)
   defining Unicode char U+0153 (decimal 339)
   defining Unicode char U+2013 (decimal 8211)
   defining Unicode char U+2014 (decimal 8212)
   defining Unicode char U+2018 (decimal 8216)
   defining Unicode char U+2019 (decimal 8217)
   defining Unicode char U+201C (decimal 8220)
   defining Unicode char U+201D (decimal 8221)
)
Now handling font encoding OMS ...
... processing UTF-8 mapping file for font encoding OMS

(E:\Program_Data\Miktex_2.8\tex\latex\base\omsenc.dfu
File: omsenc.dfu 2008/04/05 v1.1m UTF-8 support for inputenc
   defining Unicode char U+00A7 (decimal 167)
   defining Unicode char U+00B6 (decimal 182)
   defining Unicode char U+00B7 (decimal 183)
   defining Unicode char U+2020 (decimal 8224)
   defining Unicode char U+2021 (decimal 8225)
   defining Unicode char U+2022 (decimal 8226)
)
Now handling font encoding OMX ...
... no UTF-8 mapping file for font encoding OMX
Now handling font encoding U ...
... no UTF-8 mapping file for font encoding U
Now handling font encoding T5 ...
... processing UTF-8 mapping file for font encoding T5

(E:\Program_Data\Miktex_2.8\tex\latex\vntex\t5enc.dfu
File: t5enc.dfu 2006/08/19 v1.1 UTF8 support for Vietnamese
   defining Unicode char U+00AB (decimal 171)
   defining Unicode char U+00BB (decimal 187)
   defining Unicode char U+00C0 (decimal 192)
   defining Unicode char U+00C1 (decimal 193)
   defining Unicode char U+00C2 (decimal 194)
   defining Unicode char U+00C3 (decimal 195)
   defining Unicode char U+00C8 (decimal 200)
   defining Unicode char U+00C9 (decimal 201)
   defining Unicode char U+00CA (decimal 202)
   defining Unicode char U+00CC (decimal 204)
   defining Unicode char U+00CD (decimal 205)
   defining Unicode char U+00D2 (decimal 210)
   defining Unicode char U+00D3 (decimal 211)
   defining Unicode char U+00D4 (decimal 212)
   defining Unicode char U+00D5 (decimal 213)
   defining Unicode char U+00D9 (decimal 217)
   defining Unicode char U+00DA (decimal 218)
   defining Unicode char U+00DD (decimal 221)
   defining Unicode char U+00E0 (decimal 224)
   defining Unicode char U+00E1 (decimal 225)
   defining Unicode char U+00E2 (decimal 226)
   defining Unicode char U+00E3 (decimal 227)
   defining Unicode char U+00E8 (decimal 232)
   defining Unicode char U+00E9 (decimal 233)
   defining Unicode char U+00EA (decimal 234)
   defining Unicode char U+00EC (decimal 236)
   defining Unicode char U+00ED (decimal 237)
   defining Unicode char U+00F2 (decimal 242)
   defining Unicode char U+00F3 (decimal 243)
   defining Unicode char U+00F4 (decimal 244)
   defining Unicode char U+00F5 (decimal 245)
   defining Unicode char U+00F9 (decimal 249)
   defining Unicode char U+00FA (decimal 250)
   defining Unicode char U+00FD (decimal 253)
   defining Unicode char U+0102 (decimal 258)
   defining Unicode char U+0103 (decimal 259)
   defining Unicode char U+0110 (decimal 272)
   defining Unicode char U+0111 (decimal 273)
   defining Unicode char U+0128 (decimal 296)
   defining Unicode char U+0129 (decimal 297)
   defining Unicode char U+0131 (decimal 305)
   defining Unicode char U+0168 (decimal 360)
   defining Unicode char U+0169 (decimal 361)
   defining Unicode char U+01A0 (decimal 416)
   defining Unicode char U+01A1 (decimal 417)
   defining Unicode char U+01AF (decimal 431)
   defining Unicode char U+01B0 (decimal 432)
   defining Unicode char U+1EA0 (decimal 7840)
   defining Unicode char U+1EA1 (decimal 7841)
   defining Unicode char U+1EA2 (decimal 7842)
   defining Unicode char U+1EA3 (decimal 7843)
   defining Unicode char U+1EA4 (decimal 7844)
   defining Unicode char U+1EA5 (decimal 7845)
   defining Unicode char U+1EA6 (decimal 7846)
   defining Unicode char U+1EA7 (decimal 7847)
   defining Unicode char U+1EA8 (decimal 7848)
   defining Unicode char U+1EA9 (decimal 7849)
   defining Unicode char U+1EAA (decimal 7850)
   defining Unicode char U+1EAB (decimal 7851)
   defining Unicode char U+1EAC (decimal 7852)
   defining Unicode char U+1EAD (decimal 7853)
   defining Unicode char U+1EAE (decimal 7854)
   defining Unicode char U+1EAF (decimal 7855)
   defining Unicode char U+1EB0 (decimal 7856)
   defining Unicode char U+1EB1 (decimal 7857)
   defining Unicode char U+1EB2 (decimal 7858)
   defining Unicode char U+1EB3 (decimal 7859)
   defining Unicode char U+1EB4 (decimal 7860)
   defining Unicode char U+1EB5 (decimal 7861)
   defining Unicode char U+1EB6 (decimal 7862)
   defining Unicode char U+1EB7 (decimal 7863)
   defining Unicode char U+1EB8 (decimal 7864)
   defining Unicode char U+1EB9 (decimal 7865)
   defining Unicode char U+1EBA (decimal 7866)
   defining Unicode char U+1EBB (decimal 7867)
   defining Unicode char U+1EBC (decimal 7868)
   defining Unicode char U+1EBD (decimal 7869)
   defining Unicode char U+1EBE (decimal 7870)
   defining Unicode char U+1EBF (decimal 7871)
   defining Unicode char U+1EC0 (decimal 7872)
   defining Unicode char U+1EC1 (decimal 7873)
   defining Unicode char U+1EC2 (decimal 7874)
   defining Unicode char U+1EC3 (decimal 7875)
   defining Unicode char U+1EC4 (decimal 7876)
   defining Unicode char U+1EC5 (decimal 7877)
   defining Unicode char U+1EC6 (decimal 7878)
   defining Unicode char U+1EC7 (decimal 7879)
   defining Unicode char U+1EC8 (decimal 7880)
   defining Unicode char U+1EC9 (decimal 7881)
   defining Unicode char U+1ECA (decimal 7882)
   defining Unicode char U+1ECB (decimal 7883)
   defining Unicode char U+1ECC (decimal 7884)
   defining Unicode char U+1ECD (decimal 7885)
   defining Unicode char U+1ECE (decimal 7886)
   defining Unicode char U+1ECF (decimal 7887)
   defining Unicode char U+1ED0 (decimal 7888)
   defining Unicode char U+1ED1 (decimal 7889)
   defining Unicode char U+1ED2 (decimal 7890)
   defining Unicode char U+1ED3 (decimal 7891)
   defining Unicode char U+1ED4 (decimal 7892)
   defining Unicode char U+1ED5 (decimal 7893)
   defining Unicode char U+1ED6 (decimal 7894)
   defining Unicode char U+1ED7 (decimal 7895)
   defining Unicode char U+1ED8 (decimal 7896)
   defining Unicode char U+1ED9 (decimal 7897)
   defining Unicode char U+1EDA (decimal 7898)
   defining Unicode char U+1EDB (decimal 7899)
   defining Unicode char U+1EDC (decimal 7900)
   defining Unicode char U+1EDD (decimal 7901)
   defining Unicode char U+1EDE (decimal 7902)
   defining Unicode char U+1EDF (decimal 7903)
   defining Unicode char U+1EE0 (decimal 7904)
   defining Unicode char U+1EE1 (decimal 7905)
   defining Unicode char U+1EE2 (decimal 7906)
   defining Unicode char U+1EE3 (decimal 7907)
   defining Unicode char U+1EE4 (decimal 7908)
   defining Unicode char U+1EE5 (decimal 7909)
   defining Unicode char U+1EE6 (decimal 7910)
   defining Unicode char U+1EE7 (decimal 7911)
   defining Unicode char U+1EE8 (decimal 7912)
   defining Unicode char U+1EE9 (decimal 7913)
   defining Unicode char U+1EEA (decimal 7914)
   defining Unicode char U+1EEB (decimal 7915)
   defining Unicode char U+1EEC (decimal 7916)
   defining Unicode char U+1EED (decimal 7917)
   defining Unicode char U+1EEE (decimal 7918)
   defining Unicode char U+1EEF (decimal 7919)
   defining Unicode char U+1EF0 (decimal 7920)
   defining Unicode char U+1EF1 (decimal 7921)
   defining Unicode char U+1EF2 (decimal 7922)
   defining Unicode char U+1EF3 (decimal 7923)
   defining Unicode char U+1EF4 (decimal 7924)
   defining Unicode char U+1EF5 (decimal 7925)
   defining Unicode char U+1EF6 (decimal 7926)
   defining Unicode char U+1EF7 (decimal 7927)
   defining Unicode char U+1EF8 (decimal 7928)
   defining Unicode char U+1EF9 (decimal 7929)
   defining Unicode char U+200C (decimal 8204)
   defining Unicode char U+2013 (decimal 8211)
   defining Unicode char U+2014 (decimal 8212)
   defining Unicode char U+2018 (decimal 8216)
   defining Unicode char U+2019 (decimal 8217)
   defining Unicode char U+201A (decimal 8218)
   defining Unicode char U+201C (decimal 8220)
   defining Unicode char U+201D (decimal 8221)
   defining Unicode char U+201E (decimal 8222)
   defining Unicode char U+2030 (decimal 8240)
   defining Unicode char U+2031 (decimal 8241)
   defining Unicode char U+2039 (decimal 8249)
   defining Unicode char U+203A (decimal 8250)
   defining Unicode char U+2423 (decimal 9251)
)
   defining Unicode char U+00A9 (decimal 169)
   defining Unicode char U+00AA (decimal 170)
   defining Unicode char U+00AE (decimal 174)
   defining Unicode char U+00BA (decimal 186)
   defining Unicode char U+02C6 (decimal 710)
   defining Unicode char U+02DC (decimal 732)
   defining Unicode char U+200C (decimal 8204)
   defining Unicode char U+2026 (decimal 8230)
   defining Unicode char U+2122 (decimal 8482)
   defining Unicode char U+2423 (decimal 9251)
))
(E:\Program_Data\Miktex_2.8\tex\latex\vntex\vncaps.tex
File: vncaps.tex 2006/06/07 v1.1 Captions in Vietnamese
))
(E:\Program_Data\Miktex_2.8\tex\latex\ams\math\amsmath.sty
Package: amsmath 2000/07/18 v2.13 AMS math features
\@mathmargin=\skip43

For additional information on amsmath, use the `?' option.
(E:\Program_Data\Miktex_2.8\tex\latex\ams\math\amstext.sty
Package: amstext 2000/06/29 v2.01

(E:\Program_Data\Miktex_2.8\tex\latex\ams\math\amsgen.sty
File: amsgen.sty 1999/11/30 v2.0
\@emptytoks=\toks16
\ex@=\dimen103
))
(E:\Program_Data\Miktex_2.8\tex\latex\ams\math\amsbsy.sty
Package: amsbsy 1999/11/29 v1.2d
\pmbraise@=\dimen104
)
(E:\Program_Data\Miktex_2.8\tex\latex\ams\math\amsopn.sty
Package: amsopn 1999/12/14 v2.01 operator names
)
\inf@bad=\count88
LaTeX Info: Redefining \frac on input line 211.
\uproot@=\count89
\leftroot@=\count90
LaTeX Info: Redefining \overline on input line 307.
\classnum@=\count91
\DOTSCASE@=\count92
LaTeX Info: Redefining \ldots on input line 379.
LaTeX Info: Redefining \dots on input line 382.
LaTeX Info: Redefining \cdots on input line 467.
\Mathstrutbox@=\box26
\strutbox@=\box27
\big@size=\dimen105
LaTeX Font Info:    Redeclaring font encoding OML on input line 567.
LaTeX Font Info:    Redeclaring font encoding OMS on input line 568.
\macc@depth=\count93
\c@MaxMatrixCols=\count94
\dotsspace@=\muskip10
\c@parentequation=\count95
\dspbrk@lvl=\count96
\tag@help=\toks17
\row@=\count97
\column@=\count98
\maxfields@=\count99
\andhelp@=\toks18
\eqnshift@=\dimen106
\alignsep@=\dimen107
\tagshift@=\dimen108
\tagwidth@=\dimen109
\totwidth@=\dimen110
\lineht@=\dimen111
\@envbody=\toks19
\multlinegap=\skip44
\multlinetaggap=\skip45
\mathdisplay@stack=\toks20
LaTeX Info: Redefining \[ on input line 2666.
LaTeX Info: Redefining \] on input line 2667.
)
(E:\Program_Data\Miktex_2.8\tex\latex\ams\classes\amsthm.sty
Package: amsthm 2004/08/06 v2.20
\thm@style=\toks21
\thm@bodyfont=\toks22
\thm@headfont=\toks23
\thm@notefont=\toks24
\thm@headpunct=\toks25
\thm@preskip=\skip46
\thm@postskip=\skip47
\thm@headsep=\skip48
\dth@everypar=\toks26
)
(E:\Program_Data\Miktex_2.8\tex\latex\amsfonts\amssymb.sty
Package: amssymb 2009/06/22 v3.00

(E:\Program_Data\Miktex_2.8\tex\latex\amsfonts\amsfonts.sty
Package: amsfonts 2009/06/22 v3.00 Basic AMSFonts support
\symAMSa=\mathgroup4
\symAMSb=\mathgroup5
LaTeX Font Info:    Overwriting math alphabet `\mathfrak' in version `bold'
(Font)                  U/euf/m/n --> U/euf/b/n on input line 96.
))
(E:\Program_Data\Miktex_2.8\tex\latex\base\latexsym.sty
Package: latexsym 1998/08/17 v2.2e Standard LaTeX package (lasy symbols)
\symlasy=\mathgroup6
LaTeX Font Info:    Overwriting symbol font `lasy' in version `bold'
(Font)                  U/lasy/m/n --> U/lasy/b/n on input line 47.
)
(E:\Program_Data\Miktex_2.8\tex\latex\ams\math\amscd.sty
Package: amscd 1999/11/29 v2.0
\athelp@=\toks27
\minaw@=\dimen112
\bigaw@=\dimen113
\minCDarrowwidth=\dimen114
)
(E:\Program_Data\Miktex_2.8\tex\latex\tools\enumerate.sty
Package: enumerate 1999/03/05 v3.00 enumerate extensions (DPC)
\@enLab=\toks28
)
(E:\Program_Data\Miktex_2.8\tex\latex\titlesec\titlesec.sty
Package: titlesec 2007/08/12 v2.8 Sectioning titles
\ttl@box=\box28
\beforetitleunit=\skip49
\aftertitleunit=\skip50
\ttl@plus=\dimen115
\ttl@minus=\dimen116
\ttl@toksa=\toks29
\titlewidth=\dimen117
\titlewidthlast=\dimen118
\titlewidthfirst=\dimen119
)
(E:\Program_Data\Miktex_2.8\tex\latex\titlesec\titletoc.sty
Package: titletoc 2007/08/12 v1.6 TOC entries
\ttl@leftsep=\dimen120
)
(E:\Program_Data\Miktex_2.8\tex\latex\geometry\geometry.sty
Package: geometry 2008/12/21 v4.2 Page Geometry

(E:\Program_Data\Miktex_2.8\tex\latex\graphics\keyval.sty
Package: keyval 1999/03/16 v1.13 key=value parser (DPC)
\KV@toks@=\toks30
)
(E:\Program_Data\Miktex_2.8\tex\generic\oberdiek\ifpdf.sty
Package: ifpdf 2009/04/10 v2.0 Provides the ifpdf switch (HO)
Package ifpdf Info: pdfTeX in pdf mode detected.
)
(E:\Program_Data\Miktex_2.8\tex\generic\oberdiek\ifvtex.sty
Package: ifvtex 2008/11/04 v1.4 Switches for detecting VTeX and its modes (HO)
Package ifvtex Info: VTeX not detected.
)
\Gm@cnth=\count100
\Gm@cntv=\count101
\c@Gm@tempcnt=\count102
\Gm@bindingoffset=\dimen121
\Gm@wd@mp=\dimen122
\Gm@odd@mp=\dimen123
\Gm@even@mp=\dimen124
\Gm@dimlist=\toks31

(E:\Program_Data\Miktex_2.8\tex\latex\geometry\geometry.cfg))
(E:\Program_Data\Miktex_2.8\tex\latex\graphics\color.sty
Package: color 2005/11/14 v1.0j Standard LaTeX Color (DPC)

(E:\Program_Data\Miktex_2.8\tex\latex\00miktex\color.cfg
File: color.cfg 2007/01/18 v1.5 color configuration of teTeX/TeXLive
)
Package color Info: Driver file: pdftex.def on input line 130.

(E:\Program_Data\Miktex_2.8\tex\latex\pdftex-def\pdftex.def
File: pdftex.def 2009/08/25 v0.04m Graphics/color for pdfTeX
\Gread@gobject=\count103
))
(E:\Program_Data\Miktex_2.8\tex\latex\fancyhdr\fancyhdr.sty
\fancy@headwidth=\skip51
\f@ncyO@elh=\skip52
\f@ncyO@erh=\skip53
\f@ncyO@olh=\skip54
\f@ncyO@orh=\skip55
\f@ncyO@elf=\skip56
\f@ncyO@erf=\skip57
\f@ncyO@olf=\skip58
\f@ncyO@orf=\skip59
)
(E:\Program_Data\Miktex_2.8\tex\latex\graphics\graphicx.sty
Package: graphicx 1999/02/16 v1.0f Enhanced LaTeX Graphics (DPC,SPQR)

(E:\Program_Data\Miktex_2.8\tex\latex\graphics\graphics.sty
Package: graphics 2009/02/05 v1.0o Standard LaTeX Graphics (DPC,SPQR)

(E:\Program_Data\Miktex_2.8\tex\latex\graphics\trig.sty
Package: trig 1999/03/16 v1.09 sin cos tan (DPC)
)
(E:\Program_Data\Miktex_2.8\tex\latex\00miktex\graphics.cfg
File: graphics.cfg 2007/01/18 v1.5 graphics configuration of teTeX/TeXLive
)
Package graphics Info: Driver file: pdftex.def on input line 91.
)
\Gin@req@height=\dimen125
\Gin@req@width=\dimen126
)
(E:\Program_Data\Miktex_2.8\tex\latex\wrapfig\wrapfig.sty
\wrapoverhang=\dimen127
\WF@size=\dimen128
\c@WF@wrappedlines=\count104
\WF@box=\box29
\WF@everypar=\toks32
Package: wrapfig 2003/01/31  v 3.6
)
(E:\Program_Data\Miktex_2.8\tex\latex\tools\indentfirst.sty
Package: indentfirst 1995/11/23 v1.03 Indent first paragraph (DPC)
)
(E:\Program_Data\Miktex_2.8\tex\latex\float\float.sty
Package: float 2001/11/08 v1.3d Float enhancements (AL)
\c@float@type=\count105
\float@exts=\toks33
\float@box=\box30
\@float@everytoks=\toks34
\@floatcapt=\box31
)
(E:\Program_Data\Miktex_2.8\tex\latex\multirow\multirow.sty
\bigstrutjot=\dimen129
)
(E:\Program_Data\Miktex_2.8\tex\latex\easy\easytable.sty
Document Style `easytable' v1.0 <2001/06/13>.
(E:\Program_Data\Miktex_2.8\tex\latex\easy\easy.sty
Document Style `easy' v1.1 <2001/05/31>.
Package: easy 2001/05/31 v1.1
\@easy@level=\count106
\@easy@ncol=\count107
\@easy@nrow=\count108
\@easy@cnt=\count109
\@easy@boxviii=\box32
\@easy@minxviii=\dimen130
\@easy@minyviii=\dimen131
\@easy@maxxviii=\dimen132
\@easy@maxyviii=\dimen133
\@easy@boxvii=\box33
\@easy@minxvii=\dimen134
\@easy@minyvii=\dimen135
\@easy@maxxvii=\dimen136
\@easy@maxyvii=\dimen137
\@easy@boxvi=\box34
\@easy@minxvi=\dimen138
\@easy@minyvi=\dimen139
\@easy@maxxvi=\dimen140
\@easy@maxyvi=\dimen141
\@easy@boxv=\box35
\@easy@minxv=\dimen142
\@easy@minyv=\dimen143
\@easy@maxxv=\dimen144
\@easy@maxyv=\dimen145
\@easy@boxiv=\box36
\@easy@minxiv=\dimen146
\@easy@minyiv=\dimen147
\@easy@maxxiv=\dimen148
\@easy@maxyiv=\dimen149
\@easy@boxiii=\box37
\@easy@minxiii=\dimen150
\@easy@minyiii=\dimen151
\@easy@maxxiii=\dimen152
\@easy@maxyiii=\dimen153
\@easy@boxii=\box38
\@easy@minxii=\dimen154
\@easy@minyii=\dimen155
\@easy@maxxii=\dimen156
\@easy@maxyii=\dimen157
\@easy@boxi=\box39
\@easy@minxi=\dimen158
\@easy@minyi=\dimen159
\@easy@maxxi=\dimen160
\@easy@maxyi=\dimen161
\@easy@hsizexxx=\dimen162
\@easy@vsizexxx=\dimen163
\@easy@hsizexxix=\dimen164
\@easy@vsizexxix=\dimen165
\@easy@hsizexxviii=\dimen166
\@easy@vsizexxviii=\dimen167
\@easy@hsizexxvii=\dimen168
\@easy@vsizexxvii=\dimen169
\@easy@hsizexxvi=\dimen170
\@easy@vsizexxvi=\dimen171
\@easy@hsizexxv=\dimen172
\@easy@vsizexxv=\dimen173
\@easy@hsizexxiv=\dimen174
\@easy@vsizexxiv=\dimen175
\@easy@hsizexxiii=\dimen176
\@easy@vsizexxiii=\dimen177
\@easy@hsizexxii=\dimen178
\@easy@vsizexxii=\dimen179
\@easy@hsizexxi=\dimen180
\@easy@vsizexxi=\dimen181
\@easy@hsizexx=\dimen182
\@easy@vsizexx=\dimen183
\@easy@hsizexix=\dimen184
\@easy@vsizexix=\dimen185
\@easy@hsizexviii=\dimen186
\@easy@vsizexviii=\dimen187
\@easy@hsizexvii=\dimen188
\@easy@vsizexvii=\dimen189
\@easy@hsizexvi=\dimen190
\@easy@vsizexvi=\dimen191
\@easy@hsizexv=\dimen192
\@easy@vsizexv=\dimen193
\@easy@hsizexiv=\dimen194
\@easy@vsizexiv=\dimen195
\@easy@hsizexiii=\dimen196
\@easy@vsizexiii=\dimen197
\@easy@hsizexii=\dimen198
\@easy@vsizexii=\dimen199
\@easy@hsizexi=\dimen200
\@easy@vsizexi=\dimen201
\@easy@hsizex=\dimen202
\@easy@vsizex=\dimen203
\@easy@hsizeix=\dimen204
\@easy@vsizeix=\dimen205
\@easy@hsizeviii=\dimen206
\@easy@vsizeviii=\dimen207
\@easy@hsizevii=\dimen208
\@easy@vsizevii=\dimen209
\@easy@hsizevi=\dimen210
\@easy@vsizevi=\dimen211
\@easy@hsizev=\dimen212
\@easy@vsizev=\dimen213
\@easy@hsizeiv=\dimen214
\@easy@vsizeiv=\dimen215
\@easy@hsizeiii=\dimen216
\@easy@vsizeiii=\dimen217
\@easy@hsizeii=\dimen218
\@easy@vsizeii=\dimen219
\@easy@hsizei=\dimen220
\@easy@vsizei=\dimen221
\@easy@dash@len=\dimen222
\@easy@dash@sep=\dimen223
)
Package: easytable 2001/05/31v1.1
\@tab@size@rule=\dimen224
\@tab@size@dash=\dimen225
) (E:\Program_Data\Miktex_2.8\tex\latex\tools\array.sty
Package: array 2008/09/09 v2.4c Tabular extension package (FMi)
\col@sep=\dimen226
\extrarowheight=\dimen227
\NC@list=\toks35
\extratabsurround=\skip60
\backup@length=\skip61
)
(E:\Program_Data\Miktex_2.8\tex\latex\etoolbox\etoolbox.sty
Package: etoolbox 2009/08/06 v1.8 e-TeX tools for LaTeX

(E:\Program_Data\Miktex_2.8\tex\latex\misc\etex.sty
Package: etex 1998/03/26 v2.0 eTeX basic definition package (PEB)
\et@xins=\count110
))
(E:\Program_Data\Miktex_2.8\tex\latex\subfig\subfig.sty
Package: subfig 2005/06/28 ver: 1.3 subfig package

(E:\Program_Data\Miktex_2.8\tex\latex\caption\caption.sty
Package: caption 2009/10/09 v3.1k Customizing captions (AR)

(E:\Program_Data\Miktex_2.8\tex\latex\caption\caption3.sty
Package: caption3 2009/10/09 v3.1k caption3 kernel (AR)
\captionmargin=\dimen228
\captionmargin@=\dimen229
\captionwidth=\dimen230
\caption@indent=\dimen231
\caption@parindent=\dimen232
\caption@hangindent=\dimen233
)
\c@ContinuedFloat=\count111
Package caption Info: float package is loaded.
Package caption Info: wrapfig package is loaded.
)
\c@KVtest=\count112
\sf@farskip=\skip62
Normal \dimen register pool exhausted, switching to extended pool.
\sf@captopadj=\dimen256
\sf@capskip=\skip63
\sf@nearskip=\skip64
\c@subfigure=\count113
\c@subfigure@save=\count114
\c@lofdepth=\count115
\c@subtable=\count116
\c@subtable@save=\count117
\c@lotdepth=\count118
\sf@top=\skip65
\sf@bottom=\skip66
)
(E:\Program_Data\Miktex_2.8\tex\latex\koma-script\tocbasic.sty
Package: tocbasic 2009/06/08 v3.03b KOMA-Script package (handling toc-files)
)
(E:\Program_Data\Miktex_2.8\tex\latex\ltxmisc\url.sty
\Urlmuskip=\muskip11
Package: url 2006/04/12  ver 3.3  Verb mode for urls, etc.
)
(E:\Program_Data\Miktex_2.8\tex\latex\booktabs\booktabs.sty
Package: booktabs 2005/04/14 v1.61803 publication quality tables
\heavyrulewidth=\dimen257
\lightrulewidth=\dimen258
\cmidrulewidth=\dimen259
\belowrulesep=\dimen260
\belowbottomsep=\dimen261
\aboverulesep=\dimen262
\abovetopsep=\dimen263
\cmidrulesep=\dimen264
\cmidrulekern=\dimen265
\defaultaddspace=\dimen266
\@cmidla=\count119
\@cmidlb=\count120
\@aboverulesep=\dimen267
\@belowrulesep=\dimen268
\@thisruleclass=\count121
\@lastruleclass=\count122
\@thisrulewidth=\dimen269
)
("E:\#2. Compressed\BaoCaoLatexTmp\tmp_git\New folder\DoAnHMTK_DS102.L21\BaoCao
Latex\BaoCaoHMTK.aux"

LaTeX Warning: Label `Han' multiply defined.

)
LaTeX Font Info:    Checking defaults for OML/cmm/m/it on input line 44.
LaTeX Font Info:    ... okay on input line 44.
LaTeX Font Info:    Checking defaults for T1/cmr/m/n on input line 44.
LaTeX Font Info:    ... okay on input line 44.
LaTeX Font Info:    Checking defaults for OT1/cmr/m/n on input line 44.
LaTeX Font Info:    ... okay on input line 44.
LaTeX Font Info:    Checking defaults for OMS/cmsy/m/n on input line 44.
LaTeX Font Info:    ... okay on input line 44.
LaTeX Font Info:    Checking defaults for OMX/cmex/m/n on input line 44.
LaTeX Font Info:    ... okay on input line 44.
LaTeX Font Info:    Checking defaults for U/cmr/m/n on input line 44.
LaTeX Font Info:    ... okay on input line 44.
LaTeX Font Info:    Checking defaults for T5/cmr/m/n on input line 44.
LaTeX Font Info:    ... okay on input line 44.

*geometry auto-detecting driver*
*geometry detected driver: pdftex*
-------------------- Geometry parameters
paper: a4paper
landscape: --
twocolumn: --
twoside: --
asymmetric: --
h-parts: 99.58464pt, 441.01773pt, 56.9055pt
v-parts: 99.58464pt, 660.10394pt, 85.35826pt
hmarginratio: --
vmarginratio: --
lines: --
heightrounded: --
bindingoffset: 0.0pt
truedimen: --
includehead: --
includefoot: --
includemp: --
driver: pdftex
-------------------- Page layout dimensions and switches
\paperwidth  597.50787pt
\paperheight 845.04684pt
\textwidth  441.01773pt
\textheight 660.10394pt
\oddsidemargin  27.31465pt
\evensidemargin 27.31465pt
\topmargin  -4.55914pt
\headheight 12.0pt
\headsep    19.8738pt
\footskip   30.0pt
\marginparwidth 38.0pt
\marginparsep   7.0pt
\columnsep  10.0pt
\skip\footins  10.8pt plus 4.0pt minus 2.0pt
\hoffset 0.0pt
\voffset 0.0pt
\mag 1000

(1in=72.27pt, 1cm=28.45pt)
-----------------------
(E:\Program_Data\Miktex_2.8\tex\context\base\supp-pdf.tex
[Loading MPS to PDF converter (version 2006.09.02).]
\scratchcounter=\count123
\scratchdimen=\dimen270
\scratchbox=\box40
\nofMPsegments=\count124
\nofMParguments=\count125
\everyMPshowfont=\toks36
\MPscratchCnt=\count126
\MPscratchDim=\dimen271
\MPnumerator=\count127
\everyMPtoPDFconversion=\toks37
)
Package caption Info: Begin \AtBeginDocument code.
Package caption3 Info: subfig package 1.2 or 1.3 is loaded.
LaTeX Info: Redefining \subref on input line 44.
Package caption Info: End \AtBeginDocument code.
LaTeX Font Info:    Calculating math sizes for size <14> on input line 56.
LaTeX Font Info:    Try loading font information for U+msa on input line 56.
 (E:\Program_Data\Miktex_2.8\tex\latex\amsfonts\umsa.fd
File: umsa.fd 2009/06/22 v3.00 AMS symbols A
)
LaTeX Font Info:    Try loading font information for U+msb on input line 56.

(E:\Program_Data\Miktex_2.8\tex\latex\amsfonts\umsb.fd
File: umsb.fd 2009/06/22 v3.00 AMS symbols B
)
LaTeX Font Info:    Try loading font information for U+lasy on input line 56.

(E:\Program_Data\Miktex_2.8\tex\latex\base\ulasy.fd
File: ulasy.fd 1998/08/17 v2.2e LaTeX symbol font definitions
) [1


{C:/ProgramData/MiKTeX/2.8/pdftex/config/pdftex.map}] [1

]
("E:\#2. Compressed\BaoCaoLatexTmp\tmp_git\New folder\DoAnHMTK_DS102.L21\BaoCao
Latex\BaoCaoHMTK.toc" [1

] [2])
\tf@toc=\write3
 [3]
("E:\#2. Compressed\BaoCaoLatexTmp\tmp_git\New folder\DoAnHMTK_DS102.L21\BaoCao
Latex\BaoCaoHMTK.lof")
\tf@lof=\write4
 [4

]
("E:\#2. Compressed\BaoCaoLatexTmp\tmp_git\New folder\DoAnHMTK_DS102.L21\BaoCao
Latex\BaoCaoHMTK.lot")
\tf@lot=\write5
 [5

] [6

] [7

] [8

]
Ch\uhorn \ohorn ng 1.
<QuyTrinhHMTK.png, id=35, 1585.925pt x 1646.15pt>
File: QuyTrinhHMTK.png Graphic file (type png)
 <use QuyTrinhHMTK.png>
[9

] [10 <E:/#2. Compressed/BaoCaoLatexTmp/tmp_git/New folder/DoAnHMTK_DS102.L21/B
aoCaoLatex/QuyTrinhHMTK.png>]
Ch\uhorn \ohorn ng 2.
LaTeX Font Info:    Try loading font information for T5+cmtt on input line 214.

(E:\Program_Data\Miktex_2.8\tex\latex\vntex\t5cmtt.fd
File: t5cmtt.fd 1999/05/25 v2.5h Standard LaTeX font definitions
)
LaTeX Font Info:    Try loading font information for OMS+cmr on input line 221.


(E:\Program_Data\Miktex_2.8\tex\latex\base\omscmr.fd
File: omscmr.fd 1999/05/25 v2.5h Standard LaTeX font definitions
)
LaTeX Font Info:    Font shape `OMS/cmr/m/n' in size <12> not available
(Font)              Font shape `OMS/cmsy/m/n' tried instead on input line 221.
 [11

]
Ch\uhorn \ohorn ng 3.
[12

]
Ch\uhorn \ohorn ng 4.
<Picture1.png, id=53, 260.47313pt x 177.66376pt>
File: Picture1.png Graphic file (type png)
 <use Picture1.png> [13

 <E:/#2. Compressed/BaoCaoLatexTmp/tmp_git/New folder/DoAnHMTK_DS102.L21/BaoCao
Latex/Picture1.png>] [14]
LaTeX Font Info:    Font shape `OMS/cmr/m/n' in size <14> not available
(Font)              Font shape `OMS/cmsy/m/n' tried instead on input line 295.
 [15] <SVM_hyperplane.png, id=69, 813.0375pt x 344.28625pt>
File: SVM_hyperplane.png Graphic file (type png)

<use SVM_hyperplane.png> <SVM_maxmargin.jpeg, id=70, 588.1975pt x 311.1625pt>
File: SVM_maxmargin.jpeg Graphic file (type jpg)

<use SVM_maxmargin.jpeg> [16 <E:/#2. Compressed/BaoCaoLatexTmp/tmp_git/New fold
er/DoAnHMTK_DS102.L21/BaoCaoLatex/SVM_hyperplane.png (PNG copy)>] [17 <E:/#2. C
ompressed/BaoCaoLatexTmp/tmp_git/New folder/DoAnHMTK_DS102.L21/BaoCaoLatex/SVM_
maxmargin.jpeg>] [18] [19] [20] [21]
Overfull \hbox (72.96552pt too wide) in paragraph at lines 432--432
[]|\T5/cmr/bx/n/10 LogisticRegression|  
 []


Overfull \hbox (39.03908pt too wide) in paragraph at lines 435--435
[]|\T5/cmr/bx/n/10 MultinomialNB|  
 []


Overfull \hbox (13.06625pt too wide) in paragraph at lines 438--438
[]|\T5/cmr/bx/n/10 SVC|  
 []


Overfull \hbox (44.14755pt too wide) in paragraph at lines 442--442
[]|\T5/cmr/bx/n/10 PassiveAgressive  
 []


Overfull \hbox (6.07074pt too wide) in paragraph at lines 442--442
[]\T5/cmr/bx/n/10 Classifier|  
 []


Overfull \hbox (29.11372pt too wide) in paragraph at lines 445--445
[]|\T5/cmr/bx/n/10 DecissionTree  
 []


Overfull \hbox (6.07074pt too wide) in paragraph at lines 445--445
[]\T5/cmr/bx/n/10 Classifier|  
 []


Overfull \hbox (26.97397pt too wide) in paragraph at lines 450--450
[]|\T5/cmr/bx/n/10 RadomForest  
 []


Overfull \hbox (6.07074pt too wide) in paragraph at lines 450--450
[]\T5/cmr/bx/n/10 Classifier|  
 []


Overfull \hbox (21.54672pt too wide) in paragraph at lines 426--458
 [] 
 []

[22]
Ch\uhorn \ohorn ng 5.
<confusionmatrix.png, id=97, 1054.94125pt x 747.79375pt>
File: confusionmatrix.png Graphic file (type png)

<use confusionmatrix.png> [23

 <E:/#2. Compressed/BaoCaoLatexTmp/tmp_git/New folder/DoAnHMTK_DS102.L21/BaoCao
Latex/confusionmatrix.png (PNG copy)>]
<ucm.png, id=102, 336.25626pt x 295.1025pt>
File: ucm.png Graphic file (type png)
 <use ucm.png>
<ncm.png, id=103, 329.23pt x 295.1025pt>
File: ncm.png Graphic file (type png)
 <use ncm.png> [24 <E:/#2. Compressed/BaoCaoLatexTmp/tmp_git/New folder/DoAnHMT
K_DS102.L21/BaoCaoLatex/ucm.png> <E:/#2. Compressed/BaoCaoLatexTmp/tmp_git/New 
folder/DoAnHMTK_DS102.L21/BaoCaoLatex/ncm.png>] [25] [26] <roc_auc.png, id=115,
 401.5pt x 281.05pt>
File: roc_auc.png Graphic file (type png)
 <use roc_auc.png>
[27 <E:/#2. Compressed/BaoCaoLatexTmp/tmp_git/New folder/DoAnHMTK_DS102.L21/Bao
CaoLatex/roc_auc.png>]
Overfull \hbox (2.44177pt too wide) in paragraph at lines 561--561
 []|\T5/cmr/bx/n/10.95 PassiveAgressiveClassifier| 
 []


Overfull \hbox (8.02809pt too wide) in paragraph at lines 551--568
 [] 
 []

<cvroc.png, id=120, 960.58875pt x 559.08875pt>
File: cvroc.png Graphic file (type png)
 <use cvroc.png>
Overfull \hbox (13.22998pt too wide) in paragraph at lines 574--575
 [][] 
 []

<tfroc.png, id=121, 960.58875pt x 559.08875pt>
File: tfroc.png Graphic file (type png)
 <use tfroc.png>
Overfull \hbox (13.22998pt too wide) in paragraph at lines 579--580
[][] 
 []

[28 <E:/#2. Compressed/BaoCaoLatexTmp/tmp_git/New folder/DoAnHMTK_DS102.L21/Bao
CaoLatex/cvroc.png>] <w2vroc.png, id=126, 960.58875pt x 559.08875pt>
File: w2vroc.png Graphic file (type png)

<use w2vroc.png>
Overfull \hbox (13.22998pt too wide) in paragraph at lines 584--585
[][] 
 []

[29 <E:/#2. Compressed/BaoCaoLatexTmp/tmp_git/New folder/DoAnHMTK_DS102.L21/Bao
CaoLatex/tfroc.png> <E:/#2. Compressed/BaoCaoLatexTmp/tmp_git/New folder/DoAnHM
TK_DS102.L21/BaoCaoLatex/w2vroc.png>]
<cvlr.png, id=133, 313.17pt x 262.9825pt>
File: cvlr.png Graphic file (type png)
 <use cvlr.png>
<tflr.png, id=134, 313.17pt x 262.9825pt>
File: tflr.png Graphic file (type png)
 <use tflr.png>
<w2vlr.png, id=135, 313.17pt x 262.9825pt>
File: w2vlr.png Graphic file (type png)
 <use w2vlr.png>
<cvnb.png, id=136, 313.17pt x 262.9825pt>
File: cvnb.png Graphic file (type png)
 <use cvnb.png>
<tfnb.png, id=137, 313.17pt x 262.9825pt>
File: tfnb.png Graphic file (type png)
 <use tfnb.png>
<w2vnb.png, id=138, 313.17pt x 262.9825pt>
File: w2vnb.png Graphic file (type png)
 <use w2vnb.png> [30 <E:/#2. Compressed/BaoCaoLatexTmp/tmp_git/New folder/DoAnH
MTK_DS102.L21/BaoCaoLatex/cvlr.png> <E:/#2. Compressed/BaoCaoLatexTmp/tmp_git/N
ew folder/DoAnHMTK_DS102.L21/BaoCaoLatex/tflr.png> <E:/#2. Compressed/BaoCaoLat
exTmp/tmp_git/New folder/DoAnHMTK_DS102.L21/BaoCaoLatex/w2vlr.png>] <cvsvc.png,
 id=145, 313.17pt x 262.9825pt>
File: cvsvc.png Graphic file (type png)

<use cvsvc.png> <tfsvc.png, id=146, 313.17pt x 262.9825pt>
File: tfsvc.png Graphic file (type png)
 <use tfsvc.png>
<w2vsvc.png, id=147, 313.17pt x 262.9825pt>
File: w2vsvc.png Graphic file (type png)
 <use w2vsvc.png> [31 <E:/#2. Compressed/BaoCaoLatexTmp/tmp_git/New folder/DoAn
HMTK_DS102.L21/BaoCaoLatex/cvnb.png> <E:/#2. Compressed/BaoCaoLatexTmp/tmp_git/
New folder/DoAnHMTK_DS102.L21/BaoCaoLatex/tfnb.png> <E:/#2. Compressed/BaoCaoLa
texTmp/tmp_git/New folder/DoAnHMTK_DS102.L21/BaoCaoLatex/w2vnb.png>] <cvpa.png,
 id=154, 313.17pt x 262.9825pt>
File: cvpa.png Graphic file (type png)

<use cvpa.png> <tfpa.png, id=155, 313.17pt x 262.9825pt>
File: tfpa.png Graphic file (type png)
 <use tfpa.png>
<w2vpa.png, id=156, 313.17pt x 262.9825pt>
File: w2vpa.png Graphic file (type png)
 <use w2vpa.png> [32 <E:/#2. Compressed/BaoCaoLatexTmp/tmp_git/New folder/DoAnH
MTK_DS102.L21/BaoCaoLatex/cvsvc.png> <E:/#2. Compressed/BaoCaoLatexTmp/tmp_git/
New folder/DoAnHMTK_DS102.L21/BaoCaoLatex/tfsvc.png> <E:/#2. Compressed/BaoCaoL
atexTmp/tmp_git/New folder/DoAnHMTK_DS102.L21/BaoCaoLatex/w2vsvc.png>] <cvdtree
.png, id=163, 313.17pt x 262.9825pt>
File: cvdtree.png Graphic file (type png)

<use cvdtree.png> <tfdtree.png, id=164, 313.17pt x 262.9825pt>
File: tfdtree.png Graphic file (type png)

<use tfdtree.png> <w2vdtree.png, id=165, 313.17pt x 262.9825pt>
File: w2vdtree.png Graphic file (type png)

<use w2vdtree.png> [33 <E:/#2. Compressed/BaoCaoLatexTmp/tmp_git/New folder/DoA
nHMTK_DS102.L21/BaoCaoLatex/cvpa.png> <E:/#2. Compressed/BaoCaoLatexTmp/tmp_git
/New folder/DoAnHMTK_DS102.L21/BaoCaoLatex/tfpa.png> <E:/#2. Compressed/BaoCaoL
atexTmp/tmp_git/New folder/DoAnHMTK_DS102.L21/BaoCaoLatex/w2vpa.png>]
<cvrf.png, id=172, 313.17pt x 262.9825pt>
File: cvrf.png Graphic file (type png)
 <use cvrf.png>
<tfrf.png, id=173, 313.17pt x 262.9825pt>
File: tfrf.png Graphic file (type png)
 <use tfrf.png>
<w2vrf.png, id=174, 313.17pt x 262.9825pt>
File: w2vrf.png Graphic file (type png)
 <use w2vrf.png> [34 <E:/#2. Compressed/BaoCaoLatexTmp/tmp_git/New folder/DoAnH
MTK_DS102.L21/BaoCaoLatex/cvdtree.png> <E:/#2. Compressed/BaoCaoLatexTmp/tmp_gi
t/New folder/DoAnHMTK_DS102.L21/BaoCaoLatex/tfdtree.png> <E:/#2. Compressed/Bao
CaoLatexTmp/tmp_git/New folder/DoAnHMTK_DS102.L21/BaoCaoLatex/w2vdtree.png>] [3
5 <E:/#2. Compressed/BaoCaoLatexTmp/tmp_git/New folder/DoAnHMTK_DS102.L21/BaoCa
oLatex/cvrf.png> <E:/#2. Compressed/BaoCaoLatexTmp/tmp_git/New folder/DoAnHMTK_
DS102.L21/BaoCaoLatex/tfrf.png> <E:/#2. Compressed/BaoCaoLatexTmp/tmp_git/New f
older/DoAnHMTK_DS102.L21/BaoCaoLatex/w2vrf.png>]
Ch\uhorn \ohorn ng 6.
[36

] [37

] [38

]
("E:\#2. Compressed\BaoCaoLatexTmp\tmp_git\New folder\DoAnHMTK_DS102.L21\BaoCao
Latex\BaoCaoHMTK.aux")

LaTeX Warning: There were multiply-defined labels.

 ) 
Here is how much of TeX's memory you used:
 5973 strings out of 495285
 79942 string characters out of 3180474
 152127 words of memory out of 3000000
 8992 multiletter control sequences out of 15000+200000
 34261 words of font info for 84 fonts, out of 3000000 for 9000
 14 hyphenation exceptions out of 8191
 44i,15n,45p,790b,446s stack positions out of 5000i,500n,10000p,200000b,50000s
<E:/Program_Data/Miktex_2.8/fonts/type1/public/amsfonts/cm/cmex10.pfb><E:/Pro
gram_Data/Miktex_2.8/fonts/type1/public/amsfonts/cm/cmmi10.pfb><E:/Program_Data
/Miktex_2.8/fonts/type1/public/amsfonts/cm/cmmi12.pfb><E:/Program_Data/Miktex_2
.8/fonts/type1/public/amsfonts/cm/cmmi7.pfb><E:/Program_Data/Miktex_2.8/fonts/t
ype1/public/amsfonts/cm/cmr10.pfb><E:/Program_Data/Miktex_2.8/fonts/type1/publi
c/amsfonts/cm/cmr12.pfb><E:/Program_Data/Miktex_2.8/fonts/type1/public/amsfonts
/cm/cmsy10.pfb><E:/Program_Data/Miktex_2.8/fonts/type1/vntex/vnr/vnbx10.pfb><E:
/Program_Data/Miktex_2.8/fonts/type1/vntex/vnr/vnbx12.pfb><E:/Program_Data/Mikt
ex_2.8/fonts/type1/vntex/vnr/vnr10.pfb><E:/Program_Data/Miktex_2.8/fonts/type1/
vntex/vnr/vnr12.pfb><E:/Program_Data/Miktex_2.8/fonts/type1/vntex/vnr/vnti12.pf
b><E:/Program_Data/Miktex_2.8/fonts/type1/vntex/vnr/vntt12.pfb>
Output written on BaoCaoHMTK.pdf (40 pages, 914030 bytes).
PDF statistics:
 241 PDF objects out of 1000 (max. 8388607)
 0 named destinations out of 1000 (max. 500000)
 146 words of extra memory for PDF output out of 10000 (max. 10000000)

